0 info it worked if it ends with ok
1 verbose cli [ '/home/fred/.nvm/versions/node/v6.11.1/bin/node',
1 verbose cli   '/home/fred/.nvm/versions/node/v6.11.1/bin/npm',
1 verbose cli   'run',
1 verbose cli   'test_e2e' ]
2 info using npm@3.10.10
3 info using node@v6.11.1
4 verbose run-script [ 'pretest_e2e', 'test_e2e', 'posttest_e2e' ]
5 info lifecycle typester@1.0.0~pretest_e2e: typester@1.0.0
6 silly lifecycle typester@1.0.0~pretest_e2e: no script for pretest_e2e, continuing
7 info lifecycle typester@1.0.0~test_e2e: typester@1.0.0
8 verbose lifecycle typester@1.0.0~test_e2e: unsafe-perm in lifecycle true
9 verbose lifecycle typester@1.0.0~test_e2e: PATH: /home/fred/.nvm/versions/node/v6.11.1/lib/node_modules/npm/bin/node-gyp-bin:/home/fred/Development/TypeCode/typester/node_modules/.bin:/home/fred/.yarn/bin:/home/fred/.nvm/versions/node/v6.11.1/bin:/usr/local/sbin:/usr/local/bin:/usr/sbin:/usr/bin:/sbin:/bin:/usr/games:/usr/local/games:/snap/bin
10 verbose lifecycle typester@1.0.0~test_e2e: CWD: /home/fred/Development/TypeCode/typester
11 silly lifecycle typester@1.0.0~test_e2e: Args: [ '-c', 'cd ./test/e2e && docker-compose run --rm nightwatch' ]
12 silly lifecycle typester@1.0.0~test_e2e: Returned: code: 1  signal: null
13 info lifecycle typester@1.0.0~test_e2e: Failed to exec test_e2e script
14 verbose stack Error: typester@1.0.0 test_e2e: `cd ./test/e2e && docker-compose run --rm nightwatch`
14 verbose stack Exit status 1
14 verbose stack     at EventEmitter.<anonymous> (/home/fred/.nvm/versions/node/v6.11.1/lib/node_modules/npm/lib/utils/lifecycle.js:255:16)
14 verbose stack     at emitTwo (events.js:106:13)
14 verbose stack     at EventEmitter.emit (events.js:191:7)
14 verbose stack     at ChildProcess.<anonymous> (/home/fred/.nvm/versions/node/v6.11.1/lib/node_modules/npm/lib/utils/spawn.js:40:14)
14 verbose stack     at emitTwo (events.js:106:13)
14 verbose stack     at ChildProcess.emit (events.js:191:7)
14 verbose stack     at maybeClose (internal/child_process.js:891:16)
14 verbose stack     at Process.ChildProcess._handle.onexit (internal/child_process.js:226:5)
15 verbose pkgid typester@1.0.0
16 verbose cwd /home/fred/Development/TypeCode/typester
17 error Linux 4.10.0-38-generic
18 error argv "/home/fred/.nvm/versions/node/v6.11.1/bin/node" "/home/fred/.nvm/versions/node/v6.11.1/bin/npm" "run" "test_e2e"
19 error node v6.11.1
20 error npm  v3.10.10
21 error code ELIFECYCLE
22 error typester@1.0.0 test_e2e: `cd ./test/e2e && docker-compose run --rm nightwatch`
22 error Exit status 1
23 error Failed at the typester@1.0.0 test_e2e script 'cd ./test/e2e && docker-compose run --rm nightwatch'.
23 error Make sure you have the latest version of node.js and npm installed.
23 error If you do, this is most likely a problem with the typester package,
23 error not with npm itself.
23 error Tell the author that this fails on your system:
23 error     cd ./test/e2e && docker-compose run --rm nightwatch
23 error You can get information on how to open an issue for this project with:
23 error     npm bugs typester
23 error Or if that isn't available, you can get their info via:
23 error     npm owner ls typester
23 error There is likely additional logging output above.
24 verbose exit [ 1, true ]
